<?xml version="1.0" encoding="UTF-8"?>
<!-- Generated by org.testng.reporters.JUnitReportReporter -->
<testsuite skipped="0" hostname="DESKTOP-D0I86OQ" name="com.test.OMRBranch" tests="1" failures="0" timestamp="15 Jun 2022 12:50:39 GMT" time="3.934" errors="0">
  <testcase name="login" time="3.934" classname="com.test.OMRBranch"/>
</testsuite> <!-- com.test.OMRBranch -->
